<?xml version="1.0" encoding="UTF-8"?>
<!-- Generated by org.testng.reporters.JUnitReportReporter -->
<testsuite hostname="ACER-PC" name="Academy.E2EProject.HomePage" tests="2" failures="0" timestamp="27 Apr 2022 07:27:43 GMT" time="16.575" errors="0">
  <testcase name="basePageNavigation" time="3.096" classname="Academy.E2EProject.HomePage"/>
  <testcase name="basePageNavigation" time="13.479" classname="Academy.E2EProject.HomePage"/>
</testsuite> <!-- Academy.E2EProject.HomePage -->
