<?xml version="1.0" encoding="UTF-8"?>
<!-- Generated by org.testng.reporters.JUnitReportReporter -->
<testsuite skipped="0" hostname="ACER-PC" name="qaclickacademy.SeleniumTest" tests="2" failures="0" timestamp="2022-04-18T17:28:58 IST" time="0.004" errors="0">
  <testcase name="calender" time="0.002" classname="qaclickacademy.SeleniumTest"/>
  <system-out/>
  <testcase name="alert" time="0.002" classname="qaclickacademy.SeleniumTest"/>
  <system-out/>
</testsuite> <!-- qaclickacademy.SeleniumTest -->
