<?xml version="1.0" encoding="UTF-8"?>
<!-- Generated by org.testng.reporters.JUnitReportReporter -->
<testsuite skipped="0" hostname="ACER-PC" name="qaclickacademy.AppiumTest" tests="2" failures="0" timestamp="2022-04-18T17:28:58 IST" time="0.019" errors="0">
  <testcase name="mobilework" time="0.004" classname="qaclickacademy.AppiumTest"/>
  <system-out/>
  <testcase name="botton" time="0.015" classname="qaclickacademy.AppiumTest"/>
  <system-out/>
</testsuite> <!-- qaclickacademy.AppiumTest -->
