<?xml version="1.0" encoding="UTF-8"?>
<!-- Generated by org.testng.reporters.JUnitReportReporter -->
<testsuite hostname="ACER-PC" name="Academy.E2EProject.validateNavigationBar" tests="1" failures="0" timestamp="27 Apr 2022 07:27:42 GMT" time="1.101" errors="0">
  <testcase name="basePageNavigation" time="1.101" classname="Academy.E2EProject.validateNavigationBar"/>
</testsuite> <!-- Academy.E2EProject.validateNavigationBar -->
